This file contains any messages produced by compilers while
running configure, to aid debugging if configure makes a mistake.

It was created by configure, which was
generated by GNU Autoconf 2.69.  Invocation command line was

  $ ./configure 

## --------- ##
## Platform. ##
## --------- ##

hostname = stravinsky
uname -m = x86_64
uname -r = 3.18.3-201.fc21.x86_64
uname -s = Linux
uname -v = #1 SMP Mon Jan 19 15:59:31 UTC 2015

/usr/bin/uname -p = x86_64
/bin/uname -X     = unknown

/bin/arch              = x86_64
/usr/bin/arch -k       = unknown
/usr/convex/getsysinfo = unknown
/usr/bin/hostinfo      = unknown
/bin/machine           = unknown
/usr/bin/oslevel       = unknown
/bin/universe          = unknown

PATH: .
PATH: /bin
PATH: /sbin
PATH: /usr/bin
PATH: /usr/sbin
PATH: /usr/local/bin


## ----------- ##
## Core tests. ##
## ----------- ##

configure:2016: checking build system type
configure:2030: result: x86_64-unknown-linux-gnu
configure:2050: checking host system type
configure:2063: result: x86_64-unknown-linux-gnu
configure:2151: checking for gcc
configure:2167: found /bin/gcc
configure:2178: result: gcc
configure:2407: checking for C compiler version
configure:2416: gcc --version >&5
gcc (GCC) 4.9.2 20150212 (Red Hat 4.9.2-6)
Copyright (C) 2014 Free Software Foundation, Inc.
This is free software; see the source for copying conditions.  There is NO
warranty; not even for MERCHANTABILITY or FITNESS FOR A PARTICULAR PURPOSE.

configure:2427: $? = 0
configure:2416: gcc -v >&5
Using built-in specs.
COLLECT_GCC=gcc
COLLECT_LTO_WRAPPER=/usr/libexec/gcc/x86_64-redhat-linux/4.9.2/lto-wrapper
Target: x86_64-redhat-linux
Configured with: ../configure --prefix=/usr --mandir=/usr/share/man --infodir=/usr/share/info --with-bugurl=http://bugzilla.redhat.com/bugzilla --enable-bootstrap --enable-shared --enable-threads=posix --enable-checking=release --enable-multilib --with-system-zlib --enable-__cxa_atexit --disable-libunwind-exceptions --enable-gnu-unique-object --enable-linker-build-id --with-linker-hash-style=gnu --enable-languages=c,c++,objc,obj-c++,fortran,ada,go,lto --enable-plugin --enable-initfini-array --disable-libgcj --with-isl=/builddir/build/BUILD/gcc-4.9.2-20150212/obj-x86_64-redhat-linux/isl-install --with-cloog=/builddir/build/BUILD/gcc-4.9.2-20150212/obj-x86_64-redhat-linux/cloog-install --enable-gnu-indirect-function --with-tune=generic --with-arch_32=i686 --build=x86_64-redhat-linux
Thread model: posix
gcc version 4.9.2 20150212 (Red Hat 4.9.2-6) (GCC) 
configure:2427: $? = 0
configure:2416: gcc -V >&5
gcc: error: unrecognized command line option '-V'
gcc: fatal error: no input files
compilation terminated.
configure:2427: $? = 4
configure:2416: gcc -qversion >&5
gcc: error: unrecognized command line option '-qversion'
gcc: fatal error: no input files
compilation terminated.
configure:2427: $? = 4
configure:2447: checking whether the C compiler works
configure:2469: gcc    conftest.c  >&5
configure:2473: $? = 0
configure:2521: result: yes
configure:2524: checking for C compiler default output file name
configure:2526: result: a.out
configure:2532: checking for suffix of executables
configure:2539: gcc -o conftest    conftest.c  >&5
configure:2543: $? = 0
configure:2565: result: 
configure:2587: checking whether we are cross compiling
configure:2595: gcc -o conftest    conftest.c  >&5
configure:2599: $? = 0
configure:2606: ./conftest
configure:2610: $? = 0
configure:2625: result: no
configure:2630: checking for suffix of object files
configure:2652: gcc -c   conftest.c >&5
configure:2656: $? = 0
configure:2677: result: o
configure:2681: checking whether we are using the GNU C compiler
configure:2700: gcc -c   conftest.c >&5
configure:2700: $? = 0
configure:2709: result: yes
configure:2718: checking whether gcc accepts -g
configure:2738: gcc -c -g  conftest.c >&5
configure:2738: $? = 0
configure:2779: result: yes
configure:2796: checking for gcc option to accept ISO C89
configure:2859: gcc  -c -g -O2  conftest.c >&5
configure:2859: $? = 0
configure:2872: result: none needed
configure:2897: checking how to run the C preprocessor
configure:2928: gcc -E  conftest.c
configure:2928: $? = 0
configure:2942: gcc -E  conftest.c
conftest.c:9:28: fatal error: ac_nonexistent.h: No such file or directory
 #include <ac_nonexistent.h>
                            ^
compilation terminated.
configure:2942: $? = 1
configure: failed program was:
| /* confdefs.h */
| #define PACKAGE_NAME ""
| #define PACKAGE_TARNAME ""
| #define PACKAGE_VERSION ""
| #define PACKAGE_STRING ""
| #define PACKAGE_BUGREPORT ""
| #define PACKAGE_URL ""
| /* end confdefs.h.  */
| #include <ac_nonexistent.h>
configure:2967: result: gcc -E
configure:2987: gcc -E  conftest.c
configure:2987: $? = 0
configure:3001: gcc -E  conftest.c
conftest.c:9:28: fatal error: ac_nonexistent.h: No such file or directory
 #include <ac_nonexistent.h>
                            ^
compilation terminated.
configure:3001: $? = 1
configure: failed program was:
| /* confdefs.h */
| #define PACKAGE_NAME ""
| #define PACKAGE_TARNAME ""
| #define PACKAGE_VERSION ""
| #define PACKAGE_STRING ""
| #define PACKAGE_BUGREPORT ""
| #define PACKAGE_URL ""
| /* end confdefs.h.  */
| #include <ac_nonexistent.h>
configure:3030: checking for library containing strerror
configure:3061: gcc -o conftest -g -O2   conftest.c  >&5
configure:3061: $? = 0
configure:3078: result: none required
configure:3103: checking for a BSD-compatible install
configure:3171: result: /bin/install -c
configure:3225: checking for ranlib
configure:3241: found /bin/ranlib
configure:3252: result: ranlib
configure:3276: checking for autoconf
configure:3292: found /bin/autoconf
configure:3304: result: autoconf
configure:3314: checking for cp
configure:3330: found /bin/cp
configure:3342: result: cp
configure:3352: checking for rm
configure:3368: found /bin/rm
configure:3380: result: rm
configure:3396: checking for grep that handles long lines and -e
configure:3454: result: /bin/grep
configure:3459: checking for egrep
configure:3521: result: /bin/grep -E
configure:3526: checking for ANSI C header files
configure:3546: gcc -c -g -O2  conftest.c >&5
configure:3546: $? = 0
configure:3619: gcc -o conftest -g -O2   conftest.c  >&5
configure:3619: $? = 0
configure:3619: ./conftest
configure:3619: $? = 0
configure:3630: result: yes
configure:3641: checking for setenv
configure:3641: gcc -o conftest -g -O2   conftest.c  >&5
configure:3641: $? = 0
configure:3641: result: yes
configure:3641: checking for putenv
configure:3641: gcc -o conftest -g -O2   conftest.c  >&5
configure:3641: $? = 0
configure:3641: result: yes
configure:3713: checking for tclsh
configure:3731: found /bin/tclsh
configure:3744: result: /bin/tclsh
configure:3817: checking for magic
configure:3835: found /usr/local/bin/magic
configure:3847: result: /usr/local/bin/magic
configure:3920: checking for qrouter
configure:3938: found /usr/local/bin/qrouter
configure:3950: result: /usr/local/bin/qrouter
configure:4023: checking for graywolf
configure:4041: found /usr/local/bin/graywolf
configure:4053: result: /usr/local/bin/graywolf
configure:4126: checking for yosys
configure:4144: found /usr/local/bin/yosys
configure:4156: result: /usr/local/bin/yosys
configure:4373: creating ./config.status

## ---------------------- ##
## Running config.status. ##
## ---------------------- ##

This file was extended by config.status, which was
generated by GNU Autoconf 2.69.  Invocation command line was

  CONFIG_FILES    = 
  CONFIG_HEADERS  = 
  CONFIG_LINKS    = 
  CONFIG_COMMANDS = 
  $ ./config.status 

on stravinsky

config.status:757: creating Makefile
config.status:757: creating scripts/Makefile
config.status:757: creating src/Makefile
config.status:757: creating tech/Makefile
config.status:757: creating tech/osu050/Makefile
config.status:757: creating tech/osu035/Makefile
config.status:757: creating tech/osu018/Makefile

## ---------------- ##
## Cache variables. ##
## ---------------- ##

ac_cv_build=x86_64-unknown-linux-gnu
ac_cv_c_compiler_gnu=yes
ac_cv_env_CC_set=
ac_cv_env_CC_value=
ac_cv_env_CFLAGS_set=
ac_cv_env_CFLAGS_value=
ac_cv_env_CPPFLAGS_set=
ac_cv_env_CPPFLAGS_value=
ac_cv_env_CPP_set=
ac_cv_env_CPP_value=
ac_cv_env_LDFLAGS_set=
ac_cv_env_LDFLAGS_value=
ac_cv_env_LIBS_set=
ac_cv_env_LIBS_value=
ac_cv_env_build_alias_set=
ac_cv_env_build_alias_value=
ac_cv_env_host_alias_set=
ac_cv_env_host_alias_value=
ac_cv_env_target_alias_set=
ac_cv_env_target_alias_value=
ac_cv_func_putenv=yes
ac_cv_func_setenv=yes
ac_cv_header_stdc=yes
ac_cv_host=x86_64-unknown-linux-gnu
ac_cv_objext=o
ac_cv_path_EGREP='/bin/grep -E'
ac_cv_path_GREP=/bin/grep
ac_cv_path_QFLOW_GRAYWOLF_PATH=/usr/local/bin/graywolf
ac_cv_path_QFLOW_MAGIC_PATH=/usr/local/bin/magic
ac_cv_path_QFLOW_QROUTER_PATH=/usr/local/bin/qrouter
ac_cv_path_QFLOW_YOSYS_PATH=/usr/local/bin/yosys
ac_cv_path_TCLSH_PATH=/bin/tclsh
ac_cv_path_install='/bin/install -c'
ac_cv_prog_AUTOCONF=autoconf
ac_cv_prog_CP=cp
ac_cv_prog_CPP='gcc -E'
ac_cv_prog_RM=rm
ac_cv_prog_ac_ct_CC=gcc
ac_cv_prog_ac_ct_RANLIB=ranlib
ac_cv_prog_cc_c89=
ac_cv_prog_cc_g=yes
ac_cv_search_strerror='none required'

## ----------------- ##
## Output variables. ##
## ----------------- ##

AUTOCONF='autoconf'
CC='gcc'
CFLAGS='-g -O2'
CP='cp'
CPP='gcc -E'
CPPFLAGS=''
DEFS='-DPACKAGE_NAME=\"\" -DPACKAGE_TARNAME=\"\" -DPACKAGE_VERSION=\"\" -DPACKAGE_STRING=\"\" -DPACKAGE_BUGREPORT=\"\" -DPACKAGE_URL=\"\" -DSTDC_HEADERS=1 -DHAVE_SETENV=1 -DHAVE_PUTENV=1 -DTCLSH_PATH=\"/bin/tclsh\" -DQFLOW_MAGIC_PATH=\"/usr/local/bin/magic\" -DQFLOW_QROUTER_PATH=\"/usr/local/bin/qrouter\" -DQFLOW_GRAYWOLF_PATH=\"/usr/local/bin/graywolf\" -DQFLOW_YOSYS_PATH=\"/usr/local/bin/yosys\"'
ECHO_C=''
ECHO_N='-n'
ECHO_T=''
EGREP='/bin/grep -E'
EXEEXT=''
GREP='/bin/grep'
HAVE_YOSYS='1'
INSTALL_DATA='${INSTALL} -m 644'
INSTALL_PROGRAM='${INSTALL}'
INSTALL_SCRIPT='${INSTALL}'
LD=''
LDFLAGS=''
LIBOBJS=''
LIBS=''
LTLIBOBJS=''
OBJEXT='o'
PACKAGE_BUGREPORT=''
PACKAGE_NAME=''
PACKAGE_STRING=''
PACKAGE_TARNAME=''
PACKAGE_URL=''
PACKAGE_VERSION=''
PATH_SEPARATOR=':'
QFLOW_BIN_DIR='/usr/local/bin'
QFLOW_GRAYWOLF_PATH='/usr/local/bin/graywolf'
QFLOW_LIB_DIR='/usr/local/share/qflow'
QFLOW_MAGIC_PATH='/usr/local/bin/magic'
QFLOW_QROUTER_PATH='/usr/local/bin/qrouter'
QFLOW_YOSYS_PATH='/usr/local/bin/yosys'
RANLIB='ranlib'
REVISION='45'
RM='rm'
SHELL='/bin/sh'
STDLIBS=''
TCLSH_PATH='/bin/tclsh'
VERSION='1.1'
ac_ct_CC='gcc'
bindir='${exec_prefix}/bin'
build='x86_64-unknown-linux-gnu'
build_alias=''
build_cpu='x86_64'
build_os='linux-gnu'
build_vendor='unknown'
datadir='${datarootdir}'
datarootdir='${prefix}/share'
docdir='${datarootdir}/doc/${PACKAGE}'
dvidir='${docdir}'
exec_prefix='${prefix}'
host='x86_64-unknown-linux-gnu'
host_alias=''
host_cpu='x86_64'
host_os='linux-gnu'
host_vendor='unknown'
htmldir='${docdir}'
includedir='${prefix}/include'
infodir='${datarootdir}/info'
libdir='${exec_prefix}/lib'
libexecdir='${exec_prefix}/libexec'
localedir='${datarootdir}/locale'
localstatedir='${prefix}/var'
mandir='${datarootdir}/man'
oldincludedir='/usr/include'
pdfdir='${docdir}'
prefix='/usr/local'
program_transform_name='s,x,x,'
psdir='${docdir}'
sbindir='${exec_prefix}/sbin'
sharedstatedir='${prefix}/com'
sysconfdir='${prefix}/etc'
target_alias=''

## ----------- ##
## confdefs.h. ##
## ----------- ##

/* confdefs.h */
#define PACKAGE_NAME ""
#define PACKAGE_TARNAME ""
#define PACKAGE_VERSION ""
#define PACKAGE_STRING ""
#define PACKAGE_BUGREPORT ""
#define PACKAGE_URL ""
#define STDC_HEADERS 1
#define HAVE_SETENV 1
#define HAVE_PUTENV 1
#define TCLSH_PATH "/bin/tclsh"
#define QFLOW_MAGIC_PATH "/usr/local/bin/magic"
#define QFLOW_QROUTER_PATH "/usr/local/bin/qrouter"
#define QFLOW_GRAYWOLF_PATH "/usr/local/bin/graywolf"
#define QFLOW_YOSYS_PATH "/usr/local/bin/yosys"

configure: exit 0
